<?xml version="1.0" encoding="UTF-8"?>
<testng-results ignored="0" total="1" passed="1" failed="0" skipped="0">
  <reporter-output>
  </reporter-output>
  <suite started-at="2025-05-22T09:52:45 IST" name="Selenium Automation Suite" finished-at="2025-05-22T09:52:53 IST" duration-ms="8469">
    <groups>
      <group name="sanity">
        <method signature="MainTest2.testfirstMethod()[pri:0, instance:com.mine.MainTest2@7d8995e]" name="testfirstMethod" class="com.mine.MainTest2"/>
      </group> <!-- sanity -->
    </groups>
    <test started-at="2025-05-22T09:52:45 IST" name="Selenium Tests" finished-at="2025-05-22T09:52:53 IST" duration-ms="8469">
      <class name="com.mine.MainTest2">
        <test-method is-config="true" signature="initialSetup()[pri:0, instance:com.mine.MainTest2@7d8995e]" started-at="2025-05-22T09:52:45 IST" name="initialSetup" finished-at="2025-05-22T09:52:45 IST" duration-ms="292" status="PASS">
          <reporter-output>
          </reporter-output>
        </test-method> <!-- initialSetup -->
        <test-method is-config="true" signature="setupMethod(java.lang.String)[pri:0, instance:com.mine.MainTest2@7d8995e]" started-at="2025-05-22T09:52:45 IST" name="setupMethod" finished-at="2025-05-22T09:52:52 IST" duration-ms="6624" status="PASS">
          <params>
            <param index="0">
              <value>
                <![CDATA[Chrome]]>
              </value>
            </param>
          </params>
          <reporter-output>
          </reporter-output>
        </test-method> <!-- setupMethod -->
        <test-method signature="testfirstMethod()[pri:0, instance:com.mine.MainTest2@7d8995e]" started-at="2025-05-22T09:52:52 IST" name="testfirstMethod" finished-at="2025-05-22T09:52:53 IST" duration-ms="1570" status="PASS">
          <reporter-output>
          </reporter-output>
        </test-method> <!-- testfirstMethod -->
        <test-method is-config="true" signature="finalMethod()[pri:0, instance:com.mine.MainTest2@7d8995e]" started-at="2025-05-22T09:52:53 IST" name="finalMethod" finished-at="2025-05-22T09:52:53 IST" duration-ms="223" status="PASS">
          <reporter-output>
          </reporter-output>
        </test-method> <!-- finalMethod -->
        <test-method is-config="true" signature="afterSuite()[pri:0, instance:com.mine.MainTest2@7d8995e]" started-at="2025-05-22T09:52:54 IST" name="afterSuite" finished-at="2025-05-22T09:52:54 IST" duration-ms="345" status="PASS">
          <reporter-output>
          </reporter-output>
        </test-method> <!-- afterSuite -->
      </class> <!-- com.mine.MainTest2 -->
    </test> <!-- Selenium Tests -->
  </suite> <!-- Selenium Automation Suite -->
</testng-results>
