<?xml version="1.0" encoding="UTF-8"?>
<testng-results ignored="0" total="1" passed="1" failed="0" skipped="0">
  <reporter-output>
  </reporter-output>
  <suite started-at="2025-05-26T08:22:29 IST" name="Selenium Automation Suite" finished-at="2025-05-26T08:22:35 IST" duration-ms="5378">
    <groups>
      <group name="sanity">
        <method signature="MainTest2.testfirstMethod()[pri:0, instance:com.mine.MainTest2@4f83df68]" name="testfirstMethod" class="com.mine.MainTest2"/>
      </group> <!-- sanity -->
    </groups>
    <test started-at="2025-05-26T08:22:29 IST" name="Selenium Tests" finished-at="2025-05-26T08:22:35 IST" duration-ms="5378">
      <class name="com.mine.MainTest2">
        <test-method is-config="true" signature="initialSetup()[pri:0, instance:com.mine.MainTest2@4f83df68]" started-at="2025-05-26T08:22:29 IST" name="initialSetup" finished-at="2025-05-26T08:22:29 IST" duration-ms="220" status="PASS">
          <reporter-output>
          </reporter-output>
        </test-method> <!-- initialSetup -->
        <test-method is-config="true" signature="setupMethod(java.lang.String)[pri:0, instance:com.mine.MainTest2@4f83df68]" started-at="2025-05-26T08:22:29 IST" name="setupMethod" finished-at="2025-05-26T08:22:32 IST" duration-ms="3129" status="PASS">
          <params>
            <param index="0">
              <value>
                <![CDATA[Chrome]]>
              </value>
            </param>
          </params>
          <reporter-output>
          </reporter-output>
        </test-method> <!-- setupMethod -->
        <test-method signature="testfirstMethod()[pri:0, instance:com.mine.MainTest2@4f83df68]" started-at="2025-05-26T08:22:32 IST" name="testfirstMethod" finished-at="2025-05-26T08:22:34 IST" duration-ms="1976" status="PASS">
          <reporter-output>
          </reporter-output>
        </test-method> <!-- testfirstMethod -->
        <test-method is-config="true" signature="finalMethod()[pri:0, instance:com.mine.MainTest2@4f83df68]" started-at="2025-05-26T08:22:34 IST" name="finalMethod" finished-at="2025-05-26T08:22:35 IST" duration-ms="229" status="PASS">
          <reporter-output>
          </reporter-output>
        </test-method> <!-- finalMethod -->
        <test-method is-config="true" signature="afterSuite()[pri:0, instance:com.mine.MainTest2@4f83df68]" started-at="2025-05-26T08:22:35 IST" name="afterSuite" finished-at="2025-05-26T08:22:35 IST" duration-ms="390" status="PASS">
          <reporter-output>
          </reporter-output>
        </test-method> <!-- afterSuite -->
      </class> <!-- com.mine.MainTest2 -->
    </test> <!-- Selenium Tests -->
  </suite> <!-- Selenium Automation Suite -->
</testng-results>
